C:\Users\sanjit\Downloads\Angular4DotnetCoreVS2015Setup\Angular4DotnetCoreVS2015Setup\src\AspNetCoreAngular2Demo\wwwroot\app\app.component.js
C:\Users\sanjit\Downloads\Angular4DotnetCoreVS2015Setup\Angular4DotnetCoreVS2015Setup\src\AspNetCoreAngular2Demo\wwwroot\app\app.component.js.map
C:\Users\sanjit\Downloads\Angular4DotnetCoreVS2015Setup\Angular4DotnetCoreVS2015Setup\src\AspNetCoreAngular2Demo\wwwroot\app\app.component.spec.js
C:\Users\sanjit\Downloads\Angular4DotnetCoreVS2015Setup\Angular4DotnetCoreVS2015Setup\src\AspNetCoreAngular2Demo\wwwroot\app\app.component.spec.js.map
C:\Users\sanjit\Downloads\Angular4DotnetCoreVS2015Setup\Angular4DotnetCoreVS2015Setup\src\AspNetCoreAngular2Demo\wwwroot\app\_helpers\fake-backend.js
C:\Users\sanjit\Downloads\Angular4DotnetCoreVS2015Setup\Angular4DotnetCoreVS2015Setup\src\AspNetCoreAngular2Demo\wwwroot\app\_helpers\fake-backend.js.map
C:\Users\sanjit\Downloads\Angular4DotnetCoreVS2015Setup\Angular4DotnetCoreVS2015Setup\src\AspNetCoreAngular2Demo\wwwroot\app\_helpers\index.js
C:\Users\sanjit\Downloads\Angular4DotnetCoreVS2015Setup\Angular4DotnetCoreVS2015Setup\src\AspNetCoreAngular2Demo\wwwroot\app\_helpers\index.js.map
C:\Users\sanjit\Downloads\Angular4DotnetCoreVS2015Setup\Angular4DotnetCoreVS2015Setup\src\AspNetCoreAngular2Demo\wwwroot\app\_models\user.js
C:\Users\sanjit\Downloads\Angular4DotnetCoreVS2015Setup\Angular4DotnetCoreVS2015Setup\src\AspNetCoreAngular2Demo\wwwroot\app\_models\user.js.map
C:\Users\sanjit\Downloads\Angular4DotnetCoreVS2015Setup\Angular4DotnetCoreVS2015Setup\src\AspNetCoreAngular2Demo\wwwroot\app\_models\index.js
C:\Users\sanjit\Downloads\Angular4DotnetCoreVS2015Setup\Angular4DotnetCoreVS2015Setup\src\AspNetCoreAngular2Demo\wwwroot\app\_models\index.js.map
C:\Users\sanjit\Downloads\Angular4DotnetCoreVS2015Setup\Angular4DotnetCoreVS2015Setup\src\AspNetCoreAngular2Demo\wwwroot\app\_services\alert.service.js
C:\Users\sanjit\Downloads\Angular4DotnetCoreVS2015Setup\Angular4DotnetCoreVS2015Setup\src\AspNetCoreAngular2Demo\wwwroot\app\_services\alert.service.js.map
C:\Users\sanjit\Downloads\Angular4DotnetCoreVS2015Setup\Angular4DotnetCoreVS2015Setup\src\AspNetCoreAngular2Demo\wwwroot\app\_services\authentication.service.js
C:\Users\sanjit\Downloads\Angular4DotnetCoreVS2015Setup\Angular4DotnetCoreVS2015Setup\src\AspNetCoreAngular2Demo\wwwroot\app\_services\authentication.service.js.map
C:\Users\sanjit\Downloads\Angular4DotnetCoreVS2015Setup\Angular4DotnetCoreVS2015Setup\src\AspNetCoreAngular2Demo\wwwroot\app\_services\user.service.js
C:\Users\sanjit\Downloads\Angular4DotnetCoreVS2015Setup\Angular4DotnetCoreVS2015Setup\src\AspNetCoreAngular2Demo\wwwroot\app\_services\user.service.js.map
C:\Users\sanjit\Downloads\Angular4DotnetCoreVS2015Setup\Angular4DotnetCoreVS2015Setup\src\AspNetCoreAngular2Demo\wwwroot\app\_services\index.js
C:\Users\sanjit\Downloads\Angular4DotnetCoreVS2015Setup\Angular4DotnetCoreVS2015Setup\src\AspNetCoreAngular2Demo\wwwroot\app\_services\index.js.map
C:\Users\sanjit\Downloads\Angular4DotnetCoreVS2015Setup\Angular4DotnetCoreVS2015Setup\src\AspNetCoreAngular2Demo\wwwroot\app\home\home.component.js
C:\Users\sanjit\Downloads\Angular4DotnetCoreVS2015Setup\Angular4DotnetCoreVS2015Setup\src\AspNetCoreAngular2Demo\wwwroot\app\home\home.component.js.map
C:\Users\sanjit\Downloads\Angular4DotnetCoreVS2015Setup\Angular4DotnetCoreVS2015Setup\src\AspNetCoreAngular2Demo\wwwroot\app\home\index.js
C:\Users\sanjit\Downloads\Angular4DotnetCoreVS2015Setup\Angular4DotnetCoreVS2015Setup\src\AspNetCoreAngular2Demo\wwwroot\app\home\index.js.map
C:\Users\sanjit\Downloads\Angular4DotnetCoreVS2015Setup\Angular4DotnetCoreVS2015Setup\src\AspNetCoreAngular2Demo\wwwroot\app\login\login.component.js
C:\Users\sanjit\Downloads\Angular4DotnetCoreVS2015Setup\Angular4DotnetCoreVS2015Setup\src\AspNetCoreAngular2Demo\wwwroot\app\login\login.component.js.map
C:\Users\sanjit\Downloads\Angular4DotnetCoreVS2015Setup\Angular4DotnetCoreVS2015Setup\src\AspNetCoreAngular2Demo\wwwroot\app\login\index.js
C:\Users\sanjit\Downloads\Angular4DotnetCoreVS2015Setup\Angular4DotnetCoreVS2015Setup\src\AspNetCoreAngular2Demo\wwwroot\app\login\index.js.map
C:\Users\sanjit\Downloads\Angular4DotnetCoreVS2015Setup\Angular4DotnetCoreVS2015Setup\src\AspNetCoreAngular2Demo\wwwroot\app\register\register.component.js
C:\Users\sanjit\Downloads\Angular4DotnetCoreVS2015Setup\Angular4DotnetCoreVS2015Setup\src\AspNetCoreAngular2Demo\wwwroot\app\register\register.component.js.map
C:\Users\sanjit\Downloads\Angular4DotnetCoreVS2015Setup\Angular4DotnetCoreVS2015Setup\src\AspNetCoreAngular2Demo\wwwroot\app\register\index.js
C:\Users\sanjit\Downloads\Angular4DotnetCoreVS2015Setup\Angular4DotnetCoreVS2015Setup\src\AspNetCoreAngular2Demo\wwwroot\app\register\index.js.map
C:\Users\sanjit\Downloads\Angular4DotnetCoreVS2015Setup\Angular4DotnetCoreVS2015Setup\src\AspNetCoreAngular2Demo\wwwroot\app\_guards\auth.guard.js
C:\Users\sanjit\Downloads\Angular4DotnetCoreVS2015Setup\Angular4DotnetCoreVS2015Setup\src\AspNetCoreAngular2Demo\wwwroot\app\_guards\auth.guard.js.map
C:\Users\sanjit\Downloads\Angular4DotnetCoreVS2015Setup\Angular4DotnetCoreVS2015Setup\src\AspNetCoreAngular2Demo\wwwroot\app\_guards\index.js
C:\Users\sanjit\Downloads\Angular4DotnetCoreVS2015Setup\Angular4DotnetCoreVS2015Setup\src\AspNetCoreAngular2Demo\wwwroot\app\_guards\index.js.map
C:\Users\sanjit\Downloads\Angular4DotnetCoreVS2015Setup\Angular4DotnetCoreVS2015Setup\src\AspNetCoreAngular2Demo\wwwroot\app\app.routing.js
C:\Users\sanjit\Downloads\Angular4DotnetCoreVS2015Setup\Angular4DotnetCoreVS2015Setup\src\AspNetCoreAngular2Demo\wwwroot\app\app.routing.js.map
C:\Users\sanjit\Downloads\Angular4DotnetCoreVS2015Setup\Angular4DotnetCoreVS2015Setup\src\AspNetCoreAngular2Demo\wwwroot\app\_directives\alert.component.js
C:\Users\sanjit\Downloads\Angular4DotnetCoreVS2015Setup\Angular4DotnetCoreVS2015Setup\src\AspNetCoreAngular2Demo\wwwroot\app\_directives\alert.component.js.map
C:\Users\sanjit\Downloads\Angular4DotnetCoreVS2015Setup\Angular4DotnetCoreVS2015Setup\src\AspNetCoreAngular2Demo\wwwroot\app\_directives\index.js
C:\Users\sanjit\Downloads\Angular4DotnetCoreVS2015Setup\Angular4DotnetCoreVS2015Setup\src\AspNetCoreAngular2Demo\wwwroot\app\_directives\index.js.map
C:\Users\sanjit\Downloads\Angular4DotnetCoreVS2015Setup\Angular4DotnetCoreVS2015Setup\src\AspNetCoreAngular2Demo\wwwroot\app\app.module.js
C:\Users\sanjit\Downloads\Angular4DotnetCoreVS2015Setup\Angular4DotnetCoreVS2015Setup\src\AspNetCoreAngular2Demo\wwwroot\app\app.module.js.map
C:\Users\sanjit\Downloads\Angular4DotnetCoreVS2015Setup\Angular4DotnetCoreVS2015Setup\src\AspNetCoreAngular2Demo\wwwroot\app\main.js
C:\Users\sanjit\Downloads\Angular4DotnetCoreVS2015Setup\Angular4DotnetCoreVS2015Setup\src\AspNetCoreAngular2Demo\wwwroot\app\main.js.map
C:\Users\sanjit\Downloads\Angular4DotnetCoreVS2015Setup\Angular4DotnetCoreVS2015Setup\src\AspNetCoreAngular2Demo\wwwroot\app\Registration.js
C:\Users\sanjit\Downloads\Angular4DotnetCoreVS2015Setup\Angular4DotnetCoreVS2015Setup\src\AspNetCoreAngular2Demo\wwwroot\app\Registration.js.map
C:\Users\sanjit\Downloads\AspNetCoreAngular2Demo\AspNetCoreAngular2Demo\src\AspNetCoreAngular2Demo\wwwroot\app\app.component.js
C:\Users\sanjit\Downloads\AspNetCoreAngular2Demo\AspNetCoreAngular2Demo\src\AspNetCoreAngular2Demo\wwwroot\app\app.component.js.map
C:\Users\sanjit\Downloads\AspNetCoreAngular2Demo\AspNetCoreAngular2Demo\src\AspNetCoreAngular2Demo\wwwroot\app\app.component.spec.js
C:\Users\sanjit\Downloads\AspNetCoreAngular2Demo\AspNetCoreAngular2Demo\src\AspNetCoreAngular2Demo\wwwroot\app\app.component.spec.js.map
C:\Users\sanjit\Downloads\AspNetCoreAngular2Demo\AspNetCoreAngular2Demo\src\AspNetCoreAngular2Demo\wwwroot\app\_helpers\fake-backend.js
C:\Users\sanjit\Downloads\AspNetCoreAngular2Demo\AspNetCoreAngular2Demo\src\AspNetCoreAngular2Demo\wwwroot\app\_helpers\fake-backend.js.map
C:\Users\sanjit\Downloads\AspNetCoreAngular2Demo\AspNetCoreAngular2Demo\src\AspNetCoreAngular2Demo\wwwroot\app\_helpers\index.js
C:\Users\sanjit\Downloads\AspNetCoreAngular2Demo\AspNetCoreAngular2Demo\src\AspNetCoreAngular2Demo\wwwroot\app\_helpers\index.js.map
C:\Users\sanjit\Downloads\AspNetCoreAngular2Demo\AspNetCoreAngular2Demo\src\AspNetCoreAngular2Demo\wwwroot\app\_models\user.js
C:\Users\sanjit\Downloads\AspNetCoreAngular2Demo\AspNetCoreAngular2Demo\src\AspNetCoreAngular2Demo\wwwroot\app\_models\user.js.map
C:\Users\sanjit\Downloads\AspNetCoreAngular2Demo\AspNetCoreAngular2Demo\src\AspNetCoreAngular2Demo\wwwroot\app\_models\index.js
C:\Users\sanjit\Downloads\AspNetCoreAngular2Demo\AspNetCoreAngular2Demo\src\AspNetCoreAngular2Demo\wwwroot\app\_models\index.js.map
C:\Users\sanjit\Downloads\AspNetCoreAngular2Demo\AspNetCoreAngular2Demo\src\AspNetCoreAngular2Demo\wwwroot\app\_services\alert.service.js
C:\Users\sanjit\Downloads\AspNetCoreAngular2Demo\AspNetCoreAngular2Demo\src\AspNetCoreAngular2Demo\wwwroot\app\_services\alert.service.js.map
C:\Users\sanjit\Downloads\AspNetCoreAngular2Demo\AspNetCoreAngular2Demo\src\AspNetCoreAngular2Demo\wwwroot\app\_services\authentication.service.js
C:\Users\sanjit\Downloads\AspNetCoreAngular2Demo\AspNetCoreAngular2Demo\src\AspNetCoreAngular2Demo\wwwroot\app\_services\authentication.service.js.map
C:\Users\sanjit\Downloads\AspNetCoreAngular2Demo\AspNetCoreAngular2Demo\src\AspNetCoreAngular2Demo\wwwroot\app\_services\user.service.js
C:\Users\sanjit\Downloads\AspNetCoreAngular2Demo\AspNetCoreAngular2Demo\src\AspNetCoreAngular2Demo\wwwroot\app\_services\user.service.js.map
C:\Users\sanjit\Downloads\AspNetCoreAngular2Demo\AspNetCoreAngular2Demo\src\AspNetCoreAngular2Demo\wwwroot\app\_services\index.js
C:\Users\sanjit\Downloads\AspNetCoreAngular2Demo\AspNetCoreAngular2Demo\src\AspNetCoreAngular2Demo\wwwroot\app\_services\index.js.map
C:\Users\sanjit\Downloads\AspNetCoreAngular2Demo\AspNetCoreAngular2Demo\src\AspNetCoreAngular2Demo\wwwroot\app\home\home.component.js
C:\Users\sanjit\Downloads\AspNetCoreAngular2Demo\AspNetCoreAngular2Demo\src\AspNetCoreAngular2Demo\wwwroot\app\home\home.component.js.map
C:\Users\sanjit\Downloads\AspNetCoreAngular2Demo\AspNetCoreAngular2Demo\src\AspNetCoreAngular2Demo\wwwroot\app\home\index.js
C:\Users\sanjit\Downloads\AspNetCoreAngular2Demo\AspNetCoreAngular2Demo\src\AspNetCoreAngular2Demo\wwwroot\app\home\index.js.map
C:\Users\sanjit\Downloads\AspNetCoreAngular2Demo\AspNetCoreAngular2Demo\src\AspNetCoreAngular2Demo\wwwroot\app\login\login.component.js
C:\Users\sanjit\Downloads\AspNetCoreAngular2Demo\AspNetCoreAngular2Demo\src\AspNetCoreAngular2Demo\wwwroot\app\login\login.component.js.map
C:\Users\sanjit\Downloads\AspNetCoreAngular2Demo\AspNetCoreAngular2Demo\src\AspNetCoreAngular2Demo\wwwroot\app\login\index.js
C:\Users\sanjit\Downloads\AspNetCoreAngular2Demo\AspNetCoreAngular2Demo\src\AspNetCoreAngular2Demo\wwwroot\app\login\index.js.map
C:\Users\sanjit\Downloads\AspNetCoreAngular2Demo\AspNetCoreAngular2Demo\src\AspNetCoreAngular2Demo\wwwroot\app\register\register.component.js
C:\Users\sanjit\Downloads\AspNetCoreAngular2Demo\AspNetCoreAngular2Demo\src\AspNetCoreAngular2Demo\wwwroot\app\register\register.component.js.map
C:\Users\sanjit\Downloads\AspNetCoreAngular2Demo\AspNetCoreAngular2Demo\src\AspNetCoreAngular2Demo\wwwroot\app\register\index.js
C:\Users\sanjit\Downloads\AspNetCoreAngular2Demo\AspNetCoreAngular2Demo\src\AspNetCoreAngular2Demo\wwwroot\app\register\index.js.map
C:\Users\sanjit\Downloads\AspNetCoreAngular2Demo\AspNetCoreAngular2Demo\src\AspNetCoreAngular2Demo\wwwroot\app\_guards\auth.guard.js
C:\Users\sanjit\Downloads\AspNetCoreAngular2Demo\AspNetCoreAngular2Demo\src\AspNetCoreAngular2Demo\wwwroot\app\_guards\auth.guard.js.map
C:\Users\sanjit\Downloads\AspNetCoreAngular2Demo\AspNetCoreAngular2Demo\src\AspNetCoreAngular2Demo\wwwroot\app\_guards\index.js
C:\Users\sanjit\Downloads\AspNetCoreAngular2Demo\AspNetCoreAngular2Demo\src\AspNetCoreAngular2Demo\wwwroot\app\_guards\index.js.map
C:\Users\sanjit\Downloads\AspNetCoreAngular2Demo\AspNetCoreAngular2Demo\src\AspNetCoreAngular2Demo\wwwroot\app\app.routing.js
C:\Users\sanjit\Downloads\AspNetCoreAngular2Demo\AspNetCoreAngular2Demo\src\AspNetCoreAngular2Demo\wwwroot\app\app.routing.js.map
C:\Users\sanjit\Downloads\AspNetCoreAngular2Demo\AspNetCoreAngular2Demo\src\AspNetCoreAngular2Demo\wwwroot\app\_directives\alert.component.js
C:\Users\sanjit\Downloads\AspNetCoreAngular2Demo\AspNetCoreAngular2Demo\src\AspNetCoreAngular2Demo\wwwroot\app\_directives\alert.component.js.map
C:\Users\sanjit\Downloads\AspNetCoreAngular2Demo\AspNetCoreAngular2Demo\src\AspNetCoreAngular2Demo\wwwroot\app\_directives\index.js
C:\Users\sanjit\Downloads\AspNetCoreAngular2Demo\AspNetCoreAngular2Demo\src\AspNetCoreAngular2Demo\wwwroot\app\_directives\index.js.map
C:\Users\sanjit\Downloads\AspNetCoreAngular2Demo\AspNetCoreAngular2Demo\src\AspNetCoreAngular2Demo\wwwroot\app\app.module.js
C:\Users\sanjit\Downloads\AspNetCoreAngular2Demo\AspNetCoreAngular2Demo\src\AspNetCoreAngular2Demo\wwwroot\app\app.module.js.map
C:\Users\sanjit\Downloads\AspNetCoreAngular2Demo\AspNetCoreAngular2Demo\src\AspNetCoreAngular2Demo\wwwroot\app\main.js
C:\Users\sanjit\Downloads\AspNetCoreAngular2Demo\AspNetCoreAngular2Demo\src\AspNetCoreAngular2Demo\wwwroot\app\main.js.map
C:\Users\sanjit\Downloads\AspNetCoreAngular2Demo\AspNetCoreAngular2Demo\src\AspNetCoreAngular2Demo\wwwroot\app\Registration.js
C:\Users\sanjit\Downloads\AspNetCoreAngular2Demo\AspNetCoreAngular2Demo\src\AspNetCoreAngular2Demo\wwwroot\app\Registration.js.map
C:\Users\sanjit\Downloads\AspNetCoreAngular2Demo\AspNetCoreAngular2Demo\src\AspNetCoreAngular2Demo\wwwroot\app\app.component.js
C:\Users\sanjit\Downloads\AspNetCoreAngular2Demo\AspNetCoreAngular2Demo\src\AspNetCoreAngular2Demo\wwwroot\app\app.component.js.map
C:\Users\sanjit\Downloads\AspNetCoreAngular2Demo\AspNetCoreAngular2Demo\src\AspNetCoreAngular2Demo\wwwroot\app\app.component.spec.js
C:\Users\sanjit\Downloads\AspNetCoreAngular2Demo\AspNetCoreAngular2Demo\src\AspNetCoreAngular2Demo\wwwroot\app\app.component.spec.js.map
C:\Users\sanjit\Downloads\AspNetCoreAngular2Demo\AspNetCoreAngular2Demo\src\AspNetCoreAngular2Demo\wwwroot\app\_helpers\fake-backend.js
C:\Users\sanjit\Downloads\AspNetCoreAngular2Demo\AspNetCoreAngular2Demo\src\AspNetCoreAngular2Demo\wwwroot\app\_helpers\fake-backend.js.map
C:\Users\sanjit\Downloads\AspNetCoreAngular2Demo\AspNetCoreAngular2Demo\src\AspNetCoreAngular2Demo\wwwroot\app\_helpers\index.js
C:\Users\sanjit\Downloads\AspNetCoreAngular2Demo\AspNetCoreAngular2Demo\src\AspNetCoreAngular2Demo\wwwroot\app\_helpers\index.js.map
C:\Users\sanjit\Downloads\AspNetCoreAngular2Demo\AspNetCoreAngular2Demo\src\AspNetCoreAngular2Demo\wwwroot\app\_models\user.js
C:\Users\sanjit\Downloads\AspNetCoreAngular2Demo\AspNetCoreAngular2Demo\src\AspNetCoreAngular2Demo\wwwroot\app\_models\user.js.map
C:\Users\sanjit\Downloads\AspNetCoreAngular2Demo\AspNetCoreAngular2Demo\src\AspNetCoreAngular2Demo\wwwroot\app\_models\index.js
C:\Users\sanjit\Downloads\AspNetCoreAngular2Demo\AspNetCoreAngular2Demo\src\AspNetCoreAngular2Demo\wwwroot\app\_models\index.js.map
C:\Users\sanjit\Downloads\AspNetCoreAngular2Demo\AspNetCoreAngular2Demo\src\AspNetCoreAngular2Demo\wwwroot\app\_services\alert.service.js
C:\Users\sanjit\Downloads\AspNetCoreAngular2Demo\AspNetCoreAngular2Demo\src\AspNetCoreAngular2Demo\wwwroot\app\_services\alert.service.js.map
C:\Users\sanjit\Downloads\AspNetCoreAngular2Demo\AspNetCoreAngular2Demo\src\AspNetCoreAngular2Demo\wwwroot\app\_services\authentication.service.js
C:\Users\sanjit\Downloads\AspNetCoreAngular2Demo\AspNetCoreAngular2Demo\src\AspNetCoreAngular2Demo\wwwroot\app\_services\authentication.service.js.map
C:\Users\sanjit\Downloads\AspNetCoreAngular2Demo\AspNetCoreAngular2Demo\src\AspNetCoreAngular2Demo\wwwroot\app\_services\user.service.js
C:\Users\sanjit\Downloads\AspNetCoreAngular2Demo\AspNetCoreAngular2Demo\src\AspNetCoreAngular2Demo\wwwroot\app\_services\user.service.js.map
C:\Users\sanjit\Downloads\AspNetCoreAngular2Demo\AspNetCoreAngular2Demo\src\AspNetCoreAngular2Demo\wwwroot\app\_services\index.js
C:\Users\sanjit\Downloads\AspNetCoreAngular2Demo\AspNetCoreAngular2Demo\src\AspNetCoreAngular2Demo\wwwroot\app\_services\index.js.map
C:\Users\sanjit\Downloads\AspNetCoreAngular2Demo\AspNetCoreAngular2Demo\src\AspNetCoreAngular2Demo\wwwroot\app\home\home.component.js
C:\Users\sanjit\Downloads\AspNetCoreAngular2Demo\AspNetCoreAngular2Demo\src\AspNetCoreAngular2Demo\wwwroot\app\home\home.component.js.map
C:\Users\sanjit\Downloads\AspNetCoreAngular2Demo\AspNetCoreAngular2Demo\src\AspNetCoreAngular2Demo\wwwroot\app\home\index.js
C:\Users\sanjit\Downloads\AspNetCoreAngular2Demo\AspNetCoreAngular2Demo\src\AspNetCoreAngular2Demo\wwwroot\app\home\index.js.map
C:\Users\sanjit\Downloads\AspNetCoreAngular2Demo\AspNetCoreAngular2Demo\src\AspNetCoreAngular2Demo\wwwroot\app\login\login.component.js
C:\Users\sanjit\Downloads\AspNetCoreAngular2Demo\AspNetCoreAngular2Demo\src\AspNetCoreAngular2Demo\wwwroot\app\login\login.component.js.map
C:\Users\sanjit\Downloads\AspNetCoreAngular2Demo\AspNetCoreAngular2Demo\src\AspNetCoreAngular2Demo\wwwroot\app\login\index.js
C:\Users\sanjit\Downloads\AspNetCoreAngular2Demo\AspNetCoreAngular2Demo\src\AspNetCoreAngular2Demo\wwwroot\app\login\index.js.map
C:\Users\sanjit\Downloads\AspNetCoreAngular2Demo\AspNetCoreAngular2Demo\src\AspNetCoreAngular2Demo\wwwroot\app\register\register.component.js
C:\Users\sanjit\Downloads\AspNetCoreAngular2Demo\AspNetCoreAngular2Demo\src\AspNetCoreAngular2Demo\wwwroot\app\register\register.component.js.map
C:\Users\sanjit\Downloads\AspNetCoreAngular2Demo\AspNetCoreAngular2Demo\src\AspNetCoreAngular2Demo\wwwroot\app\register\index.js
C:\Users\sanjit\Downloads\AspNetCoreAngular2Demo\AspNetCoreAngular2Demo\src\AspNetCoreAngular2Demo\wwwroot\app\register\index.js.map
C:\Users\sanjit\Downloads\AspNetCoreAngular2Demo\AspNetCoreAngular2Demo\src\AspNetCoreAngular2Demo\wwwroot\app\_guards\auth.guard.js
C:\Users\sanjit\Downloads\AspNetCoreAngular2Demo\AspNetCoreAngular2Demo\src\AspNetCoreAngular2Demo\wwwroot\app\_guards\auth.guard.js.map
C:\Users\sanjit\Downloads\AspNetCoreAngular2Demo\AspNetCoreAngular2Demo\src\AspNetCoreAngular2Demo\wwwroot\app\_guards\index.js
C:\Users\sanjit\Downloads\AspNetCoreAngular2Demo\AspNetCoreAngular2Demo\src\AspNetCoreAngular2Demo\wwwroot\app\_guards\index.js.map
C:\Users\sanjit\Downloads\AspNetCoreAngular2Demo\AspNetCoreAngular2Demo\src\AspNetCoreAngular2Demo\wwwroot\app\app.routing.js
C:\Users\sanjit\Downloads\AspNetCoreAngular2Demo\AspNetCoreAngular2Demo\src\AspNetCoreAngular2Demo\wwwroot\app\app.routing.js.map
C:\Users\sanjit\Downloads\AspNetCoreAngular2Demo\AspNetCoreAngular2Demo\src\AspNetCoreAngular2Demo\wwwroot\app\_directives\alert.component.js
C:\Users\sanjit\Downloads\AspNetCoreAngular2Demo\AspNetCoreAngular2Demo\src\AspNetCoreAngular2Demo\wwwroot\app\_directives\alert.component.js.map
C:\Users\sanjit\Downloads\AspNetCoreAngular2Demo\AspNetCoreAngular2Demo\src\AspNetCoreAngular2Demo\wwwroot\app\_directives\index.js
C:\Users\sanjit\Downloads\AspNetCoreAngular2Demo\AspNetCoreAngular2Demo\src\AspNetCoreAngular2Demo\wwwroot\app\_directives\index.js.map
C:\Users\sanjit\Downloads\AspNetCoreAngular2Demo\AspNetCoreAngular2Demo\src\AspNetCoreAngular2Demo\wwwroot\app\app.module.js
C:\Users\sanjit\Downloads\AspNetCoreAngular2Demo\AspNetCoreAngular2Demo\src\AspNetCoreAngular2Demo\wwwroot\app\app.module.js.map
C:\Users\sanjit\Downloads\AspNetCoreAngular2Demo\AspNetCoreAngular2Demo\src\AspNetCoreAngular2Demo\wwwroot\app\main.js
C:\Users\sanjit\Downloads\AspNetCoreAngular2Demo\AspNetCoreAngular2Demo\src\AspNetCoreAngular2Demo\wwwroot\app\main.js.map
C:\Users\sanjit\Downloads\AspNetCoreAngular2Demo\AspNetCoreAngular2Demo\src\AspNetCoreAngular2Demo\wwwroot\app\Registration.js
C:\Users\sanjit\Downloads\AspNetCoreAngular2Demo\AspNetCoreAngular2Demo\src\AspNetCoreAngular2Demo\wwwroot\app\Registration.js.map
